*******************************************************************
* GCTA (Genome-wide Complex Trait Analysis)
* Version v1.94.1 Mac
* (C) 2010-present, Yang Lab, Westlake University
* Please report bugs to Jian Yang jian.yang@westlake.edu.cn
* MIT License
*******************************************************************
Analysis started at 08:26:17 PDT on Fri Nov 01 2024.
Hostname: Kims-MBP.home

Accepted options:
--grm heritability/reportTB_filter_imp_maf5_concord_0.05
--pheno heritability/TB.phen
--reml
--thread-num 10
--qcovar heritability/covar_PC.txt
--prevalence 0.0005707
--out heritability/reportTB_filter_imp_maf5_concord_greml_PConly

Note: the program will be running on 10 threads.

Reading IDs of the GRM from [heritability/reportTB_filter_imp_maf5_concord_0.05.grm.id].
1025 IDs are read from [heritability/reportTB_filter_imp_maf5_concord_0.05.grm.id].
Reading the GRM from [heritability/reportTB_filter_imp_maf5_concord_0.05.grm.bin].
GRM for 1025 individuals are included from [heritability/reportTB_filter_imp_maf5_concord_0.05.grm.bin].
Reading phenotypes from [heritability/TB.phen].
Non-missing phenotypes of 2754 individuals are included from [heritability/TB.phen].
Reading quantitative covariate(s) from [heritability/covar_PC.txt].
2 quantitative covariate(s) of 2754 individuals are included from [heritability/covar_PC.txt].
Assuming a disease phenotype for a case-control study: 430 cases and 595 controls 
2 quantitative variable(s) included as covariate(s).
1025 individuals are in common in these files.

Performing  REML analysis ... (Note: may take hours depending on sample size).
1025 observations, 3 fixed effect(s), and 2 variance component(s)(including residual variance).
Calculating prior values of variance components by EM-REML ...
Updated prior values: 0.121776 0.122686
logL: 214.764
Running AI-REML algorithm ...
Iter.	logL	V(G)	V(e)	
1	214.78	0.08990	0.15289	
2	215.58	0.02506	0.21509	
3	216.19	0.03096	0.20999	
4	216.19	0.03067	0.21029	
5	216.19	0.03068	0.21027	
6	216.19	0.03068	0.21027	
Log-likelihood ratio converged.

Calculating the logLikelihood for the reduced model ...
(variance component 1 is dropped from the model)
Calculating prior values of variance components by EM-REML ...
Updated prior values: 0.24015
logL: 215.95392
Running AI-REML algorithm ...
Iter.	logL	V(e)	
1	216.01	0.24014	
2	216.01	0.24014	
Log-likelihood ratio converged.

Summary result of REML analysis:
Source	Variance	SE
V(G)	0.030683	0.053477
V(e)	0.210270	0.052587
Vp	0.240953	0.010794
V(G)/Vp	0.127338	0.220969
The estimate of variance explained on the observed scale is transformed to that on the underlying liability scale:
(Proportion of cases in the sample = 0.419512; User-specified disease prevalence = 0.000571)
V(G)/Vp_L	0.042274	0.073358

Sampling variance/covariance of the estimates of variance components:
2.859808e-03	-2.754326e-03	
-2.754326e-03	2.765360e-03	

Summary result of REML analysis has been saved in the file [heritability/reportTB_filter_imp_maf5_concord_greml_PConly.hsq].

Analysis finished at 08:26:18 PDT on Fri Nov 01 2024
Overall computational time: 0.46 sec.
